<?xml version="1.0" encoding="UTF-8"?>
<!-- Generated by org.testng.reporters.JUnitReportReporter -->
<testsuite skipped="0" hostname="vivek" name="com.qa.imdb.runTest.RunTest" tests="4" failures="0" timestamp="26 Apr 2018 03:09:18 GMT" time="199.131" errors="0">
  <testcase name="storeMovieTitlesInArrayList" time="39.356" classname="com.qa.imdb.runTest.RunTest"/>
  <testcase name="storeMovieRatingsInArrayList" time="40.160" classname="com.qa.imdb.runTest.RunTest"/>
  <testcase name="storeMovieYearsInArrayList" time="39.575" classname="com.qa.imdb.runTest.RunTest"/>
  <testcase name="fetchImdbDataFromTable" time="80.040" classname="com.qa.imdb.runTest.RunTest"/>
</testsuite> <!-- com.qa.imdb.runTest.RunTest -->
